<?xml version="1.0" encoding="UTF-8"?>
<testng-results ignored="0" total="1" passed="1" failed="0" skipped="0">
  <reporter-output>
  </reporter-output>
  <suite started-at="2022-08-21T19:01:00 IST" name="Default suite" finished-at="2022-08-21T19:01:02 IST" duration-ms="1422">
    <groups>
    </groups>
    <test started-at="2022-08-21T19:01:00 IST" name="Default test" finished-at="2022-08-21T19:01:02 IST" duration-ms="1422">
      <class name="jsonproject.RCB">
        <test-method signature="RCBparcing()[pri:0, instance:jsonproject.RCB@74751b3]" started-at="2022-08-21T19:01:00 IST" name="RCBparcing" finished-at="2022-08-21T19:01:02 IST" duration-ms="1381" status="PASS">
          <reporter-output>
          </reporter-output>
        </test-method> <!-- RCBparcing -->
      </class> <!-- jsonproject.RCB -->
    </test> <!-- Default test -->
  </suite> <!-- Default suite -->
</testng-results>
